<?xml version="1.0" encoding="UTF-8"?>
<!-- Generated by org.testng.reporters.JUnitReportReporter -->
<testsuite hostname="LAPTOP-2OL3M2IP" failures="0" tests="1" name="com.internetBanking.TestCases.T_02_LoginDDt" time="0.000" errors="0" timestamp="2022-02-06T19:56:12 IST" skipped="1">
  <testcase classname="com.internetBanking.TestCases.T_02_LoginDDt" name="LoginDDt" time="0.000">
    <skipped/>
  </testcase> <!-- LoginDDt -->
  <system-out/>
</testsuite> <!-- com.internetBanking.TestCases.T_02_LoginDDt -->
